<?xml version="1.0" encoding="UTF-8"?>
<!-- Generated by org.testng.reporters.JUnitReportReporter -->
<testsuite hostname="QNA-CD071" failures="0" tests="1" name="com.qa.nxstudio.test.LoginPageTest" time="0.047" errors="0" timestamp="2023-07-06T19:23:08 IST" skipped="0">
  <testcase classname="com.qa.nxstudio.test.LoginPageTest" name="loginPageTitleTest" time="0.047"/>
  <system-out/>
</testsuite> <!-- com.qa.nxstudio.test.LoginPageTest -->
